#
# An unexpected error has been detected by Java Runtime Environment:
#
#  EXCEPTION_ACCESS_VIOLATION (0xc0000005) at pc=0x6d945458, pid=5652, tid=5408
#
# Java VM: Java HotSpot(TM) Client VM (10.0-b23 mixed mode windows-x86)
# Problematic frame:
# V  [jvm.dll+0xd5458]
#
# If you would like to submit a bug report, please visit:
#   http://java.sun.com/webapps/bugreport/crash.jsp
#

---------------  T H R E A D  ---------------

Current thread (0x66b8dc00):  JavaThread "Java2D Disposer" daemon [_thread_in_vm, id=5408, stack(0x66d70000,0x66dc0000)]

siginfo: ExceptionCode=0xc0000005, reading address 0x00000000

Registers:
EAX=0x00000000, EBX=0x00000000, ECX=0x66dbf8b4, EDX=0x66dbf919
ESP=0x66dbf860, EBP=0x66b9e5a0, ESI=0x66b8dc00, EDI=0x66baae58
EIP=0x6d945458, EFLAGS=0x00010203

Top of Stack: (sp=0x66dbf860)
0x66dbf860:   66840078 66dbfa18 66b8dcf4 66b8dc00
0x66dbf870:   00000000 00000003 605c0440 6686a5f8
0x66dbf880:   6686a600 6686a9ec 66b9e5ac 02b99080
0x66dbf890:   00000016 66b8dc00 02b99080 6d878396
0x66dbf8a0:   00000001 02b99080 00000016 00000016
0x66dbf8b0:   00000000 66b9e5a0 6da1ac72 66b9e5ac
0x66dbf8c0:   00000016 00000025 66dbfa50 6d9ef75d
0x66dbf8d0:   66dbfa50 66b9e59c 66dbf924 6d90b070 

Instructions: (pc=0x6d945458)
0x6d945448:   8c 24 c4 00 00 00 89 2c 81 ff 84 24 d0 00 00 00
0x6d945458:   8b 03 8b 50 08 0f b7 4a 26 8b 50 0c 8b 44 8a 1c 


Stack: [0x66d70000,0x66dc0000],  sp=0x66dbf860,  free space=318k
Native frames: (J=compiled Java code, j=interpreted, Vv=VM code, C=native code)
V  [jvm.dll+0xd5458]

Java frames: (J=compiled Java code, j=interpreted, Vv=VM code)
v  ~BufferBlob::Interpreter
v  ~BufferBlob::Interpreter
v  ~BufferBlob::Interpreter
v  ~BufferBlob::Interpreter
v  ~BufferBlob::Interpreter
v  ~BufferBlob::StubRoutines (1)

---------------  P R O C E S S  ---------------

Java Threads: ( => current thread )
  0x66d08000 JavaThread "Thread-1" daemon [_thread_blocked, id=4280, stack(0x67030000,0x67080000)]
  0x679a0800 JavaThread "TimerQueue" daemon [_thread_blocked, id=4940, stack(0x67e80000,0x67ed0000)]
  0x00305800 JavaThread "DestroyJavaVM" [_thread_blocked, id=4088, stack(0x008c0000,0x00910000)]
  0x66c4a400 JavaThread "Thread-2" [_thread_in_native, id=2104, stack(0x67090000,0x670e0000)]
  0x66c3a800 JavaThread "AWT-EventQueue-0" [_thread_blocked, id=4456, stack(0x66fc0000,0x67010000)]
  0x66bb6c00 JavaThread "AWT-Windows" daemon [_thread_blocked, id=1456, stack(0x66e10000,0x66e60000)]
  0x66bb6400 JavaThread "AWT-Shutdown" [_thread_blocked, id=5736, stack(0x66dc0000,0x66e10000)]
=>0x66b8dc00 JavaThread "Java2D Disposer" daemon [_thread_in_vm, id=5408, stack(0x66d70000,0x66dc0000)]
  0x6685fc00 JavaThread "Low Memory Detector" daemon [_thread_blocked, id=4424, stack(0x66ab0000,0x66b00000)]
  0x6685b400 JavaThread "CompilerThread0" daemon [_thread_blocked, id=4576, stack(0x66a60000,0x66ab0000)]
  0x66859000 JavaThread "Attach Listener" daemon [_thread_blocked, id=4608, stack(0x66a10000,0x66a60000)]
  0x66858400 JavaThread "Signal Dispatcher" daemon [_thread_blocked, id=5228, stack(0x669c0000,0x66a10000)]
  0x66849000 JavaThread "Finalizer" daemon [_thread_blocked, id=3316, stack(0x66970000,0x669c0000)]
  0x66844800 JavaThread "Reference Handler" daemon [_thread_blocked, id=5388, stack(0x66920000,0x66970000)]

Other Threads:
  0x66841800 VMThread [stack: 0x668d0000,0x66920000] [id=5120]
  0x66869c00 WatcherThread [stack: 0x66b00000,0x66b50000] [id=3436]

VM state:synchronizing (normal execution)

VM Mutex/Monitor currently owned by a thread:  ([mutex/lock_event])
[0x00304f68/0x00002714] Threads_lock - owner thread: 0x66841800

Heap
 def new generation   total 106368K, used 18416K [0x029c0000, 0x09d20000, 0x09d20000)
  eden space 94592K,   7% used [0x029c0000, 0x0303c238, 0x08620000)
  from space 11776K, 100% used [0x091a0000, 0x09d20000, 0x09d20000)
  to   space 11776K,   0% used [0x08620000, 0x08620000, 0x091a0000)
 tenured generation   total 1417856K, used 3639K [0x09d20000, 0x605c0000, 0x605c0000)
   the space 1417856K,   0% used [0x09d20000, 0x0a0add58, 0x0a0ade00, 0x605c0000)
 compacting perm gen  total 13824K, used 13620K [0x605c0000, 0x61340000, 0x645c0000)
   the space 13824K,  98% used [0x605c0000, 0x6130d1d0, 0x6130d200, 0x61340000)
No shared spaces configured.

Dynamic libraries:
0x00400000 - 0x00423000 	C:\Archivos de programa\Java\jdk1.6.0_07\jre\bin\java.exe
0x7c910000 - 0x7c9c8000 	C:\WINDOWS\system32\ntdll.dll
0x7c800000 - 0x7c903000 	C:\WINDOWS\system32\kernel32.dll
0x77da0000 - 0x77e4c000 	C:\WINDOWS\system32\ADVAPI32.dll
0x77e50000 - 0x77ee3000 	C:\WINDOWS\system32\RPCRT4.dll
0x77fc0000 - 0x77fd1000 	C:\WINDOWS\system32\Secur32.dll
0x7c340000 - 0x7c396000 	C:\Archivos de programa\Java\jdk1.6.0_07\jre\bin\msvcr71.dll
0x6d870000 - 0x6dac0000 	C:\Archivos de programa\Java\jdk1.6.0_07\jre\bin\client\jvm.dll
0x7e390000 - 0x7e421000 	C:\WINDOWS\system32\USER32.dll
0x77ef0000 - 0x77f39000 	C:\WINDOWS\system32\GDI32.dll
0x76b00000 - 0x76b2e000 	C:\WINDOWS\system32\WINMM.dll
0x76340000 - 0x7635d000 	C:\WINDOWS\system32\IMM32.DLL
0x6d320000 - 0x6d328000 	C:\Archivos de programa\Java\jdk1.6.0_07\jre\bin\hpi.dll
0x76bb0000 - 0x76bbb000 	C:\WINDOWS\system32\PSAPI.DLL
0x6d820000 - 0x6d82c000 	C:\Archivos de programa\Java\jdk1.6.0_07\jre\bin\verify.dll
0x6d3c0000 - 0x6d3df000 	C:\Archivos de programa\Java\jdk1.6.0_07\jre\bin\java.dll
0x6d860000 - 0x6d86f000 	C:\Archivos de programa\Java\jdk1.6.0_07\jre\bin\zip.dll
0x6d0b0000 - 0x6d1de000 	C:\Archivos de programa\Java\jdk1.6.0_07\jre\bin\awt.dll
0x72f80000 - 0x72fa6000 	C:\WINDOWS\system32\WINSPOOL.DRV
0x77be0000 - 0x77c38000 	C:\WINDOWS\system32\msvcrt.dll
0x774b0000 - 0x775ee000 	C:\WINDOWS\system32\ole32.dll
0x736e0000 - 0x7372b000 	C:\WINDOWS\system32\ddraw.dll
0x73b40000 - 0x73b46000 	C:\WINDOWS\system32\DCIMAN32.dll
0x6d2c0000 - 0x6d313000 	C:\Archivos de programa\Java\jdk1.6.0_07\jre\bin\fontmanager.dll
0x746b0000 - 0x746fc000 	C:\WINDOWS\system32\MSCTF.dll
0x77b10000 - 0x77b32000 	C:\WINDOWS\system32\apphelp.dll
0x75160000 - 0x7518e000 	C:\WINDOWS\system32\msctfime.ime
0x7e6a0000 - 0x7eec1000 	C:\WINDOWS\system32\shell32.dll
0x77f40000 - 0x77fb6000 	C:\WINDOWS\system32\SHLWAPI.dll
0x773a0000 - 0x774a3000 	C:\WINDOWS\WinSxS\x86_Microsoft.Windows.Common-Controls_6595b64144ccf1df_6.0.2600.6028_x-ww_61e65202\comctl32.dll
0x66ee0000 - 0x66f7a000 	C:\WINDOWS\system32\comctl32.dll
0x6d620000 - 0x6d633000 	C:\Archivos de programa\Java\jdk1.6.0_07\jre\bin\net.dll
0x71a30000 - 0x71a47000 	C:\WINDOWS\system32\WS2_32.dll
0x71a20000 - 0x71a28000 	C:\WINDOWS\system32\WS2HELP.dll
0x6d640000 - 0x6d649000 	C:\Archivos de programa\Java\jdk1.6.0_07\jre\bin\nio.dll
0x6d460000 - 0x6d484000 	C:\Archivos de programa\Java\jdk1.6.0_07\jre\bin\jpeg.dll
0x670e0000 - 0x6710c000 	C:\Archivos de programa\Panda Security\WAC\pavlsp.dll
0x77bd0000 - 0x77bd8000 	C:\WINDOWS\system32\VERSION.dll
0x67110000 - 0x67134000 	C:\Archivos de programa\Panda Security\WAC\icl_cfg.dll
0x67250000 - 0x67274000 	C:\Archivos de programa\Panda Security\WAC\PavTrc.dll
0x71a50000 - 0x71a5a000 	C:\WINDOWS\system32\WSOCK32.dll
0x719d0000 - 0x71a10000 	C:\WINDOWS\system32\mswsock.dll
0x67400000 - 0x67459000 	C:\WINDOWS\system32\hnetcfg.dll
0x71a10000 - 0x71a18000 	C:\WINDOWS\System32\wshtcpip.dll
0x770f0000 - 0x7717b000 	C:\WINDOWS\system32\OLEAUT32.DLL
0x68000000 - 0x68036000 	C:\WINDOWS\system32\rsaenh.dll
0x76630000 - 0x766e5000 	C:\WINDOWS\system32\USERENV.dll
0x67ed0000 - 0x67f25000 	C:\WINDOWS\system32\netapi32.dll
0x76ee0000 - 0x76f07000 	C:\WINDOWS\system32\DNSAPI.dll
0x76d20000 - 0x76d39000 	C:\WINDOWS\system32\iphlpapi.dll
0x76f70000 - 0x76f78000 	C:\WINDOWS\System32\winrnr.dll
0x76f20000 - 0x76f4d000 	C:\WINDOWS\system32\WLDAP32.dll
0x76f80000 - 0x76f86000 	C:\WINDOWS\system32\rasadhlp.dll
0x6d800000 - 0x6d808000 	C:\Archivos de programa\Java\jdk1.6.0_07\jre\bin\sunmscapi.dll
0x77a50000 - 0x77ae6000 	C:\WINDOWS\system32\CRYPT32.dll
0x77af0000 - 0x77b02000 	C:\WINDOWS\system32\MSASN1.dll

VM Arguments:
jvm_args: -Xms1500M -Xmx1500M 
java_command: UI_GENERAL.GCP
Launcher Type: SUN_STANDARD

Environment Variables:
PATH=C:\WINDOWS\system32;C:\WINDOWS;C:\WINDOWS\System32\Wbem;C:\Archivos de programa\Archivos comunes\Autodesk Shared\;C:\Archivos de programa\Panda Security\WaAgent\Common
USERNAME=Ruth Cordon
OS=Windows_NT
PROCESSOR_IDENTIFIER=x86 Family 6 Model 23 Stepping 10, GenuineIntel



---------------  S Y S T E M  ---------------

OS: Windows XP Build 2600 Service Pack 3

CPU:total 2 (2 cores per cpu, 1 threads per core) family 6 model 7 stepping 10, cmov, cx8, fxsr, mmx, sse, sse2, sse3, ssse3

Memory: 4k page, physical 2097151k(1382364k free), swap 4194303k(1957716k free)

vm_info: Java HotSpot(TM) Client VM (10.0-b23) for windows-x86 JRE (1.6.0_07-b06), built on Jun 10 2008 01:14:11 by "java_re" with MS VC++ 7.1

time: Fri Sep 30 09:52:38 2011
elapsed time: 3930 seconds

