#
# An unexpected error has been detected by Java Runtime Environment:
#
#  EXCEPTION_ACCESS_VIOLATION (0xc0000005) at pc=0x6d945458, pid=3788, tid=2128
#
# Java VM: Java HotSpot(TM) Client VM (10.0-b23 mixed mode windows-x86)
# Problematic frame:
# V  [jvm.dll+0xd5458]
#
# If you would like to submit a bug report, please visit:
#   http://java.sun.com/webapps/bugreport/crash.jsp
#

---------------  T H R E A D  ---------------

Current thread (0x66bbc000):  JavaThread "Java2D Disposer" daemon [_thread_in_vm, id=2128, stack(0x66e10000,0x66e60000)]

siginfo: ExceptionCode=0xc0000005, reading address 0x00000000

Registers:
EAX=0x00000000, EBX=0x00000000, ECX=0x66e5f8b4, EDX=0x66e5f919
ESP=0x66e5f860, EBP=0x66bbc5b0, ESI=0x66bbc000, EDI=0x66bd6828
EIP=0x6d945458, EFLAGS=0x00010203

Top of Stack: (sp=0x66e5f860)
0x66e5f860:   0030fe40 66e5fa18 66bbc0f4 66bbc000
0x66e5f870:   00000000 00000003 736e41ed 668891c8
0x66e5f880:   668891d0 668895bc 00000005 000d5a98
0x66e5f890:   000d54d8 66e5f8b0 7c9216a6 00000005
0x66e5f8a0:   000d54d8 000a0000 000d5500 00000000
0x66e5f8b0:   66e5f984 66bbc5b0 000b5308 7c920981
0x66e5f8c0:   000a0608 7c92005d 000d5528 000d5508
0x66e5f8d0:   66b93f14 00000000 66c73360 00300000 

Instructions: (pc=0x6d945458)
0x6d945448:   8c 24 c4 00 00 00 89 2c 81 ff 84 24 d0 00 00 00
0x6d945458:   8b 03 8b 50 08 0f b7 4a 26 8b 50 0c 8b 44 8a 1c 


Stack: [0x66e10000,0x66e60000],  sp=0x66e5f860,  free space=318k
Native frames: (J=compiled Java code, j=interpreted, Vv=VM code, C=native code)
V  [jvm.dll+0xd5458]

Java frames: (J=compiled Java code, j=interpreted, Vv=VM code)
v  ~BufferBlob::Interpreter
v  ~BufferBlob::Interpreter
v  ~BufferBlob::Interpreter
v  ~BufferBlob::Interpreter
v  ~BufferBlob::Interpreter
v  ~BufferBlob::StubRoutines (1)

---------------  P R O C E S S  ---------------

Java Threads: ( => current thread )
  0x677c3c00 JavaThread "Thread-1" daemon [_thread_in_native, id=3608, stack(0x670c0000,0x67110000)]
  0x66cc7800 JavaThread "TimerQueue" daemon [_thread_blocked, id=448, stack(0x67490000,0x674e0000)]
  0x00305c00 JavaThread "DestroyJavaVM" [_thread_blocked, id=980, stack(0x008d0000,0x00920000)]
  0x66c7c400 JavaThread "Thread-2" [_thread_in_native, id=3912, stack(0x67110000,0x67160000)]
  0x66c72c00 JavaThread "AWT-EventQueue-0" [_thread_blocked, id=2148, stack(0x67050000,0x670a0000)]
  0x66bfc800 JavaThread "AWT-Windows" daemon [_thread_blocked, id=2860, stack(0x66eb0000,0x66f00000)]
  0x66bfc000 JavaThread "AWT-Shutdown" [_thread_blocked, id=2304, stack(0x66e60000,0x66eb0000)]
=>0x66bbc000 JavaThread "Java2D Disposer" daemon [_thread_in_vm, id=2128, stack(0x66e10000,0x66e60000)]
  0x66875400 JavaThread "Low Memory Detector" daemon [_thread_blocked, id=1784, stack(0x66ac0000,0x66b10000)]
  0x6686ac00 JavaThread "CompilerThread0" daemon [_thread_blocked, id=3372, stack(0x66a70000,0x66ac0000)]
  0x66869800 JavaThread "Attach Listener" daemon [_thread_blocked, id=2488, stack(0x66a20000,0x66a70000)]
  0x66868c00 JavaThread "Signal Dispatcher" daemon [_thread_blocked, id=352, stack(0x669d0000,0x66a20000)]
  0x66859400 JavaThread "Finalizer" daemon [_thread_blocked, id=1456, stack(0x66980000,0x669d0000)]
  0x66855000 JavaThread "Reference Handler" daemon [_thread_blocked, id=3200, stack(0x66930000,0x66980000)]

Other Threads:
  0x66851c00 VMThread [stack: 0x668e0000,0x66930000] [id=548]
  0x66888800 WatcherThread [stack: 0x66b10000,0x66b60000] [id=1056]

VM state:synchronizing (normal execution)

VM Mutex/Monitor currently owned by a thread:  ([mutex/lock_event])
[0x00305490/0x0000370c] Threads_lock - owner thread: 0x66851c00

Heap
 def new generation   total 106368K, used 18416K [0x029d0000, 0x09d30000, 0x09d30000)
  eden space 94592K,   7% used [0x029d0000, 0x0304c238, 0x08630000)
  from space 11776K, 100% used [0x091b0000, 0x09d30000, 0x09d30000)
  to   space 11776K,   0% used [0x08630000, 0x08630000, 0x091b0000)
 tenured generation   total 1417856K, used 14333K [0x09d30000, 0x605d0000, 0x605d0000)
   the space 1417856K,   1% used [0x09d30000, 0x0ab2f428, 0x0ab2f600, 0x605d0000)
 compacting perm gen  total 16128K, used 15979K [0x605d0000, 0x61590000, 0x645d0000)
   the space 16128K,  99% used [0x605d0000, 0x6156ac40, 0x6156ae00, 0x61590000)
No shared spaces configured.

Dynamic libraries:
0x00400000 - 0x00423000 	C:\Archivos de programa\Java\jdk1.6.0_07\jre\bin\java.exe
0x7c910000 - 0x7c9c8000 	C:\WINDOWS\system32\ntdll.dll
0x7c800000 - 0x7c903000 	C:\WINDOWS\system32\kernel32.dll
0x77da0000 - 0x77e4c000 	C:\WINDOWS\system32\ADVAPI32.dll
0x77e50000 - 0x77ee3000 	C:\WINDOWS\system32\RPCRT4.dll
0x77fc0000 - 0x77fd1000 	C:\WINDOWS\system32\Secur32.dll
0x7c340000 - 0x7c396000 	C:\Archivos de programa\Java\jdk1.6.0_07\jre\bin\msvcr71.dll
0x6d870000 - 0x6dac0000 	C:\Archivos de programa\Java\jdk1.6.0_07\jre\bin\client\jvm.dll
0x7e390000 - 0x7e421000 	C:\WINDOWS\system32\USER32.dll
0x77ef0000 - 0x77f39000 	C:\WINDOWS\system32\GDI32.dll
0x76b00000 - 0x76b2e000 	C:\WINDOWS\system32\WINMM.dll
0x76340000 - 0x7635d000 	C:\WINDOWS\system32\IMM32.DLL
0x6d320000 - 0x6d328000 	C:\Archivos de programa\Java\jdk1.6.0_07\jre\bin\hpi.dll
0x76bb0000 - 0x76bbb000 	C:\WINDOWS\system32\PSAPI.DLL
0x6d820000 - 0x6d82c000 	C:\Archivos de programa\Java\jdk1.6.0_07\jre\bin\verify.dll
0x6d3c0000 - 0x6d3df000 	C:\Archivos de programa\Java\jdk1.6.0_07\jre\bin\java.dll
0x6d860000 - 0x6d86f000 	C:\Archivos de programa\Java\jdk1.6.0_07\jre\bin\zip.dll
0x6d0b0000 - 0x6d1de000 	C:\Archivos de programa\Java\jdk1.6.0_07\jre\bin\awt.dll
0x72f80000 - 0x72fa6000 	C:\WINDOWS\system32\WINSPOOL.DRV
0x77be0000 - 0x77c38000 	C:\WINDOWS\system32\msvcrt.dll
0x774b0000 - 0x775ee000 	C:\WINDOWS\system32\ole32.dll
0x66d80000 - 0x66db8000 	C:\WINDOWS\system32\uxtheme.dll
0x736e0000 - 0x7372b000 	C:\WINDOWS\system32\ddraw.dll
0x73b40000 - 0x73b46000 	C:\WINDOWS\system32\DCIMAN32.dll
0x6d2c0000 - 0x6d313000 	C:\Archivos de programa\Java\jdk1.6.0_07\jre\bin\fontmanager.dll
0x746b0000 - 0x746fc000 	C:\WINDOWS\system32\MSCTF.dll
0x75160000 - 0x7518e000 	C:\WINDOWS\system32\msctfime.ime
0x7e6a0000 - 0x7eec1000 	C:\WINDOWS\system32\shell32.dll
0x77f40000 - 0x77fb6000 	C:\WINDOWS\system32\SHLWAPI.dll
0x773a0000 - 0x774a3000 	C:\WINDOWS\WinSxS\x86_Microsoft.Windows.Common-Controls_6595b64144ccf1df_6.0.2600.6028_x-ww_61e65202\comctl32.dll
0x66f70000 - 0x6700a000 	C:\WINDOWS\system32\comctl32.dll
0x6d620000 - 0x6d633000 	C:\Archivos de programa\Java\jdk1.6.0_07\jre\bin\net.dll
0x71a30000 - 0x71a47000 	C:\WINDOWS\system32\WS2_32.dll
0x71a20000 - 0x71a28000 	C:\WINDOWS\system32\WS2HELP.dll
0x6d640000 - 0x6d649000 	C:\Archivos de programa\Java\jdk1.6.0_07\jre\bin\nio.dll
0x719d0000 - 0x71a10000 	C:\WINDOWS\system32\mswsock.dll
0x671a0000 - 0x671f9000 	C:\WINDOWS\system32\hnetcfg.dll
0x71a10000 - 0x71a18000 	C:\WINDOWS\System32\wshtcpip.dll
0x770f0000 - 0x7717b000 	C:\WINDOWS\system32\OLEAUT32.DLL
0x68000000 - 0x68036000 	C:\WINDOWS\system32\rsaenh.dll
0x76630000 - 0x766e5000 	C:\WINDOWS\system32\USERENV.dll
0x675b0000 - 0x67605000 	C:\WINDOWS\system32\netapi32.dll
0x76ee0000 - 0x76f07000 	C:\WINDOWS\system32\DNSAPI.dll
0x76d20000 - 0x76d39000 	C:\WINDOWS\system32\iphlpapi.dll
0x76f70000 - 0x76f78000 	C:\WINDOWS\System32\winrnr.dll
0x76f20000 - 0x76f4d000 	C:\WINDOWS\system32\WLDAP32.dll
0x76f80000 - 0x76f86000 	C:\WINDOWS\system32\rasadhlp.dll
0x6d800000 - 0x6d808000 	C:\Archivos de programa\Java\jdk1.6.0_07\jre\bin\sunmscapi.dll
0x77a50000 - 0x77ae6000 	C:\WINDOWS\system32\CRYPT32.dll
0x77af0000 - 0x77b02000 	C:\WINDOWS\system32\MSASN1.dll
0x6d230000 - 0x6d253000 	C:\Archivos de programa\Java\jdk1.6.0_07\jre\bin\dcpr.dll

VM Arguments:
jvm_args: -Xms1500M -Xmx1500M 
java_command: userinterfaces.GRA
Launcher Type: SUN_STANDARD

Environment Variables:
PATH=C:\WINDOWS\system32;C:\WINDOWS;C:\WINDOWS\System32\Wbem;C:\WINDOWS\system32\WindowsPowerShell\v1.0;C:\Archivos de programa\Archivos comunes\HP\Digital Imaging\\bin;c:\Archivos de programa\Microsoft SQL Server\90\Tools\binn\;C:\Sun\jwsdp-2.0\jwsdp-shared\bin
USERNAME=Victor Fernandez
OS=Windows_NT
PROCESSOR_IDENTIFIER=x86 Family 15 Model 4 Stepping 3, GenuineIntel



---------------  S Y S T E M  ---------------

OS: Windows XP Build 2600 Service Pack 3

CPU:total 2 (1 cores per cpu, 2 threads per core) family 15 model 4 stepping 3, cmov, cx8, fxsr, mmx, sse, sse2, sse3, ht

Memory: 4k page, physical 2097151k(1863020k free), swap 4194303k(2444868k free)

vm_info: Java HotSpot(TM) Client VM (10.0-b23) for windows-x86 JRE (1.6.0_07-b06), built on Jun 10 2008 01:14:11 by "java_re" with MS VC++ 7.1

time: Wed Sep 25 09:20:51 2013
elapsed time: 19 seconds

