#
# An unexpected error has been detected by Java Runtime Environment:
#
#  EXCEPTION_ACCESS_VIOLATION (0xc0000005) at pc=0x7e3a948d, pid=4968, tid=5956
#
# Java VM: Java HotSpot(TM) Client VM (10.0-b23 mixed mode windows-x86)
# Problematic frame:
# C  [USER32.dll+0x1948d]
#
# If you would like to submit a bug report, please visit:
#   http://java.sun.com/webapps/bugreport/crash.jsp
# The crash happened outside the Java Virtual Machine in native code.
# See problematic frame for where to report the bug.
#

---------------  T H R E A D  ---------------

Current thread (0x66bcc800):  JavaThread "AWT-Windows" daemon [_thread_in_native, id=5956, stack(0x66e10000,0x66e60000)]

siginfo: ExceptionCode=0xc0000005, reading address 0x00687004

Registers:
EAX=0x00687000, EBX=0x00000102, ECX=0x0000c09f, EDX=0x7c91e501
ESP=0x66e5f984, EBP=0x66e5f988, ESI=0xbbe4a08f, EDI=0x00000200
EIP=0x7e3a948d, EFLAGS=0x00010292

Top of Stack: (sp=0x66e5f984)
0x66e5f984:   0000c09f 66e5f99c 7e3a941e 0063a818
0x66e5f994:   0000c09f 00000000 66e5f9b4 7e3a94e2
0x66e5f9a4:   0063a818 0000c09f 00000000 7ffae000
0x66e5f9b4:   66e5f9e8 6d1309c4 00000200 6d16be0c
0x66e5f9c4:   00000000 7ffae000 00000102 7e3ab372
0x66e5f9d4:   00000006 00000200 66e5fa6c 00000000
0x66e5f9e4:   66e5fb0c 66e5fa24 7e3ab317 00050006
0x66e5f9f4:   00000200 66e5fa6c 6d1309b0 00000000 

Instructions: (pc=0x7e3a948d)
0x7e3a947d:   c8 66 85 c9 74 16 8d 46 08 8b 76 04 85 f6 76 0c
0x7e3a948d:   66 39 48 04 74 0d 83 c0 08 4e 75 f4 33 c0 5e 5d 


Stack: [0x66e10000,0x66e60000],  sp=0x66e5f984,  free space=318k
Native frames: (J=compiled Java code, j=interpreted, Vv=VM code, C=native code)
C  [USER32.dll+0x1948d]
C  [USER32.dll+0x1941e]
C  [USER32.dll+0x194e2]
C  [awt.dll+0x809c4]
C  [USER32.dll+0x1b317]
C  [USER32.dll+0x216c8]
C  [ntdll.dll+0xe473]
C  [USER32.dll+0x9402]

Java frames: (J=compiled Java code, j=interpreted, Vv=VM code)
v  ~BufferBlob::Interpreter
v  ~BufferBlob::Interpreter
v  ~BufferBlob::Interpreter
v  ~BufferBlob::StubRoutines (1)

---------------  P R O C E S S  ---------------

Java Threads: ( => current thread )
  0x66cb6c00 JavaThread "TimerQueue" daemon [_thread_blocked, id=4840, stack(0x67930000,0x67980000)]
  0x00305800 JavaThread "DestroyJavaVM" [_thread_blocked, id=5112, stack(0x008c0000,0x00910000)]
  0x66c40800 JavaThread "Thread-2" [_thread_in_native, id=4616, stack(0x67030000,0x67080000)]
  0x66c3a400 JavaThread "AWT-EventQueue-0" [_thread_blocked, id=5736, stack(0x66fc0000,0x67010000)]
=>0x66bcc800 JavaThread "AWT-Windows" daemon [_thread_in_native, id=5956, stack(0x66e10000,0x66e60000)]
  0x66bcbc00 JavaThread "AWT-Shutdown" [_thread_blocked, id=4984, stack(0x66dc0000,0x66e10000)]
  0x66ba8400 JavaThread "Java2D Disposer" daemon [_thread_blocked, id=3412, stack(0x66d70000,0x66dc0000)]
  0x6685fc00 JavaThread "Low Memory Detector" daemon [_thread_blocked, id=4668, stack(0x66ab0000,0x66b00000)]
  0x6685a400 JavaThread "CompilerThread0" daemon [_thread_blocked, id=2836, stack(0x66a60000,0x66ab0000)]
  0x66859000 JavaThread "Attach Listener" daemon [_thread_blocked, id=2588, stack(0x66a10000,0x66a60000)]
  0x66858400 JavaThread "Signal Dispatcher" daemon [_thread_blocked, id=5320, stack(0x669c0000,0x66a10000)]
  0x66849000 JavaThread "Finalizer" daemon [_thread_blocked, id=6040, stack(0x66970000,0x669c0000)]
  0x66844800 JavaThread "Reference Handler" daemon [_thread_blocked, id=2604, stack(0x66920000,0x66970000)]

Other Threads:
  0x66841800 VMThread [stack: 0x668d0000,0x66920000] [id=1624]
  0x66869c00 WatcherThread [stack: 0x66b00000,0x66b50000] [id=4432]

VM state:not at safepoint (normal execution)

VM Mutex/Monitor currently owned by a thread: None

Heap
 def new generation   total 106368K, used 72269K [0x029c0000, 0x09d20000, 0x09d20000)
  eden space 94592K,  70% used [0x029c0000, 0x06aed8e0, 0x08620000)
  from space 11776K,  46% used [0x08620000, 0x08b85be0, 0x091a0000)
  to   space 11776K,   0% used [0x091a0000, 0x091a0000, 0x09d20000)
 tenured generation   total 1417856K, used 15366K [0x09d20000, 0x605c0000, 0x605c0000)
   the space 1417856K,   1% used [0x09d20000, 0x0ac219b0, 0x0ac21a00, 0x605c0000)
 compacting perm gen  total 13312K, used 13095K [0x605c0000, 0x612c0000, 0x645c0000)
   the space 13312K,  98% used [0x605c0000, 0x61289fc0, 0x6128a000, 0x612c0000)
No shared spaces configured.

Dynamic libraries:
0x00400000 - 0x00423000 	C:\Archivos de programa\Java\jdk1.6.0_07\jre\bin\java.exe
0x7c910000 - 0x7c9c8000 	C:\WINDOWS\system32\ntdll.dll
0x7c800000 - 0x7c903000 	C:\WINDOWS\system32\kernel32.dll
0x77da0000 - 0x77e4c000 	C:\WINDOWS\system32\ADVAPI32.dll
0x77e50000 - 0x77ee2000 	C:\WINDOWS\system32\RPCRT4.dll
0x77fc0000 - 0x77fd1000 	C:\WINDOWS\system32\Secur32.dll
0x7c340000 - 0x7c396000 	C:\Archivos de programa\Java\jdk1.6.0_07\jre\bin\msvcr71.dll
0x6d870000 - 0x6dac0000 	C:\Archivos de programa\Java\jdk1.6.0_07\jre\bin\client\jvm.dll
0x7e390000 - 0x7e421000 	C:\WINDOWS\system32\USER32.dll
0x77ef0000 - 0x77f39000 	C:\WINDOWS\system32\GDI32.dll
0x76b00000 - 0x76b2e000 	C:\WINDOWS\system32\WINMM.dll
0x76340000 - 0x7635d000 	C:\WINDOWS\system32\IMM32.DLL
0x6d320000 - 0x6d328000 	C:\Archivos de programa\Java\jdk1.6.0_07\jre\bin\hpi.dll
0x76bb0000 - 0x76bbb000 	C:\WINDOWS\system32\PSAPI.DLL
0x6d820000 - 0x6d82c000 	C:\Archivos de programa\Java\jdk1.6.0_07\jre\bin\verify.dll
0x6d3c0000 - 0x6d3df000 	C:\Archivos de programa\Java\jdk1.6.0_07\jre\bin\java.dll
0x6d860000 - 0x6d86f000 	C:\Archivos de programa\Java\jdk1.6.0_07\jre\bin\zip.dll
0x6d0b0000 - 0x6d1de000 	C:\Archivos de programa\Java\jdk1.6.0_07\jre\bin\awt.dll
0x72f80000 - 0x72fa6000 	C:\WINDOWS\system32\WINSPOOL.DRV
0x77be0000 - 0x77c38000 	C:\WINDOWS\system32\msvcrt.dll
0x774b0000 - 0x775ed000 	C:\WINDOWS\system32\ole32.dll
0x736e0000 - 0x7372b000 	C:\WINDOWS\system32\ddraw.dll
0x73b40000 - 0x73b46000 	C:\WINDOWS\system32\DCIMAN32.dll
0x6d2c0000 - 0x6d313000 	C:\Archivos de programa\Java\jdk1.6.0_07\jre\bin\fontmanager.dll
0x746b0000 - 0x746fc000 	C:\WINDOWS\system32\MSCTF.dll
0x77b10000 - 0x77b32000 	C:\WINDOWS\system32\apphelp.dll
0x75160000 - 0x7518e000 	C:\WINDOWS\system32\msctfime.ime
0x7e6a0000 - 0x7eec1000 	C:\WINDOWS\system32\shell32.dll
0x77f40000 - 0x77fb6000 	C:\WINDOWS\system32\SHLWAPI.dll
0x773a0000 - 0x774a3000 	C:\WINDOWS\WinSxS\x86_Microsoft.Windows.Common-Controls_6595b64144ccf1df_6.0.2600.5512_x-ww_35d4ce83\comctl32.dll
0x66ee0000 - 0x66f7a000 	C:\WINDOWS\system32\comctl32.dll
0x6d620000 - 0x6d633000 	C:\Archivos de programa\Java\jdk1.6.0_07\jre\bin\net.dll
0x71a30000 - 0x71a47000 	C:\WINDOWS\system32\WS2_32.dll
0x71a20000 - 0x71a28000 	C:\WINDOWS\system32\WS2HELP.dll
0x6d640000 - 0x6d649000 	C:\Archivos de programa\Java\jdk1.6.0_07\jre\bin\nio.dll
0x67080000 - 0x670ac000 	C:\Archivos de programa\Panda Security\WAC\pavlsp.dll
0x77bd0000 - 0x77bd8000 	C:\WINDOWS\system32\VERSION.dll
0x670b0000 - 0x670d4000 	C:\Archivos de programa\Panda Security\WAC\icl_cfg.dll
0x671f0000 - 0x67214000 	C:\Archivos de programa\Panda Security\WAC\PavTrc.dll
0x71a50000 - 0x71a5a000 	C:\WINDOWS\system32\WSOCK32.dll
0x719d0000 - 0x71a10000 	C:\WINDOWS\system32\mswsock.dll
0x672a0000 - 0x672f9000 	C:\WINDOWS\system32\hnetcfg.dll
0x71a10000 - 0x71a18000 	C:\WINDOWS\System32\wshtcpip.dll
0x6d460000 - 0x6d484000 	C:\Archivos de programa\Java\jdk1.6.0_07\jre\bin\jpeg.dll
0x770f0000 - 0x7717b000 	C:\WINDOWS\system32\OLEAUT32.DLL
0x68000000 - 0x68036000 	C:\WINDOWS\system32\rsaenh.dll
0x76630000 - 0x766e5000 	C:\WINDOWS\system32\USERENV.dll
0x67d80000 - 0x67dd5000 	C:\WINDOWS\system32\netapi32.dll
0x76ee0000 - 0x76f07000 	C:\WINDOWS\system32\DNSAPI.dll
0x76f70000 - 0x76f78000 	C:\WINDOWS\System32\winrnr.dll
0x76f20000 - 0x76f4d000 	C:\WINDOWS\system32\WLDAP32.dll
0x76f80000 - 0x76f86000 	C:\WINDOWS\system32\rasadhlp.dll
0x6d800000 - 0x6d808000 	C:\Archivos de programa\Java\jdk1.6.0_07\jre\bin\sunmscapi.dll
0x77a50000 - 0x77ae6000 	C:\WINDOWS\system32\CRYPT32.dll
0x77af0000 - 0x77b02000 	C:\WINDOWS\system32\MSASN1.dll

VM Arguments:
jvm_args: -Xms1500M -Xmx1500M 
java_command: UIPC.PCV
Launcher Type: SUN_STANDARD

Environment Variables:
PATH=C:\WINDOWS\system32;C:\WINDOWS;C:\WINDOWS\System32\Wbem;C:\Archivos de programa\Archivos comunes\Autodesk Shared\;C:\Archivos de programa\Panda Security\WaAgent\Common
USERNAME=Ruth Cordon
OS=Windows_NT
PROCESSOR_IDENTIFIER=x86 Family 6 Model 23 Stepping 10, GenuineIntel



---------------  S Y S T E M  ---------------

OS: Windows XP Build 2600 Service Pack 3

CPU:total 2 (2 cores per cpu, 1 threads per core) family 6 model 7 stepping 10, cmov, cx8, fxsr, mmx, sse, sse2, sse3, ssse3

Memory: 4k page, physical 2097151k(1611684k free), swap 4194303k(2331540k free)

vm_info: Java HotSpot(TM) Client VM (10.0-b23) for windows-x86 JRE (1.6.0_07-b06), built on Jun 10 2008 01:14:11 by "java_re" with MS VC++ 7.1

time: Mon Jul 26 10:58:52 2010
elapsed time: 4486 seconds

