#
# An unexpected error has been detected by Java Runtime Environment:
#
#  EXCEPTION_ACCESS_VIOLATION (0xc0000005) at pc=0x6d945458, pid=7720, tid=6336
#
# Java VM: Java HotSpot(TM) Client VM (10.0-b23 mixed mode windows-x86)
# Problematic frame:
# V  [jvm.dll+0xd5458]
#
# If you would like to submit a bug report, please visit:
#   http://java.sun.com/webapps/bugreport/crash.jsp
#

---------------  T H R E A D  ---------------

Current thread (0x66b8dc00):  JavaThread "Java2D Disposer" daemon [_thread_in_vm, id=6336, stack(0x66d70000,0x66dc0000)]

siginfo: ExceptionCode=0xc0000005, reading address 0x00000000

Registers:
EAX=0x00000000, EBX=0x00000000, ECX=0x66dbfab4, EDX=0x66dbfb19
ESP=0x66dbfa60, EBP=0x66bc7028, ESI=0x66b8dc00, EDI=0x66bb9f60
EIP=0x6d945458, EFLAGS=0x00010203

Top of Stack: (sp=0x66dbfa60)
0x66dbfa60:   6683ffe8 66dbfc18 66b8dcf4 66b8dc00
0x66dbfa70:   00000000 00000003 605c0440 6686a580
0x66dbfa80:   6686a588 6686a974 66bc7034 029c00e8
0x66dbfa90:   00000016 66b8dc00 029c00e8 6d878396
0x66dbfaa0:   00000001 029c00e8 00000016 00000016
0x66dbfab0:   00000000 66bc7028 6da1ac72 66bc7034
0x66dbfac0:   00000016 00000025 66dbfc50 6d9ef75d
0x66dbfad0:   66dbfc50 66bc7024 66dbfb24 6d90b070 

Instructions: (pc=0x6d945458)
0x6d945448:   8c 24 c4 00 00 00 89 2c 81 ff 84 24 d0 00 00 00
0x6d945458:   8b 03 8b 50 08 0f b7 4a 26 8b 50 0c 8b 44 8a 1c 


Stack: [0x66d70000,0x66dc0000],  sp=0x66dbfa60,  free space=318k
Native frames: (J=compiled Java code, j=interpreted, Vv=VM code, C=native code)
V  [jvm.dll+0xd5458]

Java frames: (J=compiled Java code, j=interpreted, Vv=VM code)
v  ~BufferBlob::Interpreter
v  ~BufferBlob::Interpreter
v  ~BufferBlob::Interpreter
v  ~BufferBlob::Interpreter
v  ~BufferBlob::Interpreter
v  ~BufferBlob::StubRoutines (1)

---------------  P R O C E S S  ---------------

Java Threads: ( => current thread )
  0x668a8400 JavaThread "Thread-1" daemon [_thread_in_native, id=4552, stack(0x67d80000,0x67dd0000)]
  0x66cb6c00 JavaThread "TimerQueue" daemon [_thread_blocked, id=8092, stack(0x67930000,0x67980000)]
  0x00305800 JavaThread "DestroyJavaVM" [_thread_blocked, id=7016, stack(0x008c0000,0x00910000)]
  0x66c3ec00 JavaThread "Thread-2" [_thread_in_native, id=7064, stack(0x67030000,0x67080000)]
  0x66c34c00 JavaThread "AWT-EventQueue-0" [_thread_blocked, id=5004, stack(0x66fc0000,0x67010000)]
  0x66bccc00 JavaThread "AWT-Windows" daemon [_thread_blocked, id=6432, stack(0x66e10000,0x66e60000)]
  0x66bcc000 JavaThread "AWT-Shutdown" [_thread_blocked, id=7860, stack(0x66dc0000,0x66e10000)]
=>0x66b8dc00 JavaThread "Java2D Disposer" daemon [_thread_in_vm, id=6336, stack(0x66d70000,0x66dc0000)]
  0x66864c00 JavaThread "Low Memory Detector" daemon [_thread_blocked, id=5024, stack(0x66ab0000,0x66b00000)]
  0x6685a400 JavaThread "CompilerThread0" daemon [_thread_blocked, id=6252, stack(0x66a60000,0x66ab0000)]
  0x66859000 JavaThread "Attach Listener" daemon [_thread_blocked, id=6792, stack(0x66a10000,0x66a60000)]
  0x66858400 JavaThread "Signal Dispatcher" daemon [_thread_blocked, id=6164, stack(0x669c0000,0x66a10000)]
  0x66849000 JavaThread "Finalizer" daemon [_thread_blocked, id=4580, stack(0x66970000,0x669c0000)]
  0x66844800 JavaThread "Reference Handler" daemon [_thread_blocked, id=7004, stack(0x66920000,0x66970000)]

Other Threads:
  0x66841800 VMThread [stack: 0x668d0000,0x66920000] [id=7068]
  0x66866000 WatcherThread [stack: 0x66b00000,0x66b50000] [id=7596]

VM state:synchronizing (normal execution)

VM Mutex/Monitor currently owned by a thread:  ([mutex/lock_event])
[0x00304ee0/0x00002f14] Threads_lock - owner thread: 0x66841800

Heap
 def new generation   total 106368K, used 18416K [0x029c0000, 0x09d20000, 0x09d20000)
  eden space 94592K,   7% used [0x029c0000, 0x0303c238, 0x08620000)
  from space 11776K, 100% used [0x091a0000, 0x09d20000, 0x09d20000)
  to   space 11776K,   0% used [0x08620000, 0x08620000, 0x091a0000)
 tenured generation   total 1417856K, used 6006K [0x09d20000, 0x605c0000, 0x605c0000)
   the space 1417856K,   0% used [0x09d20000, 0x0a2fdac8, 0x0a2fdc00, 0x605c0000)
 compacting perm gen  total 13056K, used 13004K [0x605c0000, 0x61280000, 0x645c0000)
   the space 13056K,  99% used [0x605c0000, 0x612733b8, 0x61273400, 0x61280000)
No shared spaces configured.

Dynamic libraries:
0x00400000 - 0x00423000 	C:\Archivos de programa\Java\jdk1.6.0_07\jre\bin\java.exe
0x7c910000 - 0x7c9c8000 	C:\WINDOWS\system32\ntdll.dll
0x7c800000 - 0x7c903000 	C:\WINDOWS\system32\kernel32.dll
0x77da0000 - 0x77e4c000 	C:\WINDOWS\system32\ADVAPI32.dll
0x77e50000 - 0x77ee2000 	C:\WINDOWS\system32\RPCRT4.dll
0x77fc0000 - 0x77fd1000 	C:\WINDOWS\system32\Secur32.dll
0x7c340000 - 0x7c396000 	C:\Archivos de programa\Java\jdk1.6.0_07\jre\bin\msvcr71.dll
0x6d870000 - 0x6dac0000 	C:\Archivos de programa\Java\jdk1.6.0_07\jre\bin\client\jvm.dll
0x7e390000 - 0x7e421000 	C:\WINDOWS\system32\USER32.dll
0x77ef0000 - 0x77f39000 	C:\WINDOWS\system32\GDI32.dll
0x76b00000 - 0x76b2e000 	C:\WINDOWS\system32\WINMM.dll
0x76340000 - 0x7635d000 	C:\WINDOWS\system32\IMM32.DLL
0x6d320000 - 0x6d328000 	C:\Archivos de programa\Java\jdk1.6.0_07\jre\bin\hpi.dll
0x76bb0000 - 0x76bbb000 	C:\WINDOWS\system32\PSAPI.DLL
0x6d820000 - 0x6d82c000 	C:\Archivos de programa\Java\jdk1.6.0_07\jre\bin\verify.dll
0x6d3c0000 - 0x6d3df000 	C:\Archivos de programa\Java\jdk1.6.0_07\jre\bin\java.dll
0x6d860000 - 0x6d86f000 	C:\Archivos de programa\Java\jdk1.6.0_07\jre\bin\zip.dll
0x6d0b0000 - 0x6d1de000 	C:\Archivos de programa\Java\jdk1.6.0_07\jre\bin\awt.dll
0x72f80000 - 0x72fa6000 	C:\WINDOWS\system32\WINSPOOL.DRV
0x77be0000 - 0x77c38000 	C:\WINDOWS\system32\msvcrt.dll
0x774b0000 - 0x775ed000 	C:\WINDOWS\system32\ole32.dll
0x736e0000 - 0x7372b000 	C:\WINDOWS\system32\ddraw.dll
0x73b40000 - 0x73b46000 	C:\WINDOWS\system32\DCIMAN32.dll
0x6d2c0000 - 0x6d313000 	C:\Archivos de programa\Java\jdk1.6.0_07\jre\bin\fontmanager.dll
0x746b0000 - 0x746fc000 	C:\WINDOWS\system32\MSCTF.dll
0x77b10000 - 0x77b32000 	C:\WINDOWS\system32\apphelp.dll
0x75160000 - 0x7518e000 	C:\WINDOWS\system32\msctfime.ime
0x7e6a0000 - 0x7eec1000 	C:\WINDOWS\system32\shell32.dll
0x77f40000 - 0x77fb6000 	C:\WINDOWS\system32\SHLWAPI.dll
0x773a0000 - 0x774a3000 	C:\WINDOWS\WinSxS\x86_Microsoft.Windows.Common-Controls_6595b64144ccf1df_6.0.2600.5512_x-ww_35d4ce83\comctl32.dll
0x66ee0000 - 0x66f7a000 	C:\WINDOWS\system32\comctl32.dll
0x6d620000 - 0x6d633000 	C:\Archivos de programa\Java\jdk1.6.0_07\jre\bin\net.dll
0x71a30000 - 0x71a47000 	C:\WINDOWS\system32\WS2_32.dll
0x71a20000 - 0x71a28000 	C:\WINDOWS\system32\WS2HELP.dll
0x6d640000 - 0x6d649000 	C:\Archivos de programa\Java\jdk1.6.0_07\jre\bin\nio.dll
0x67080000 - 0x670ac000 	C:\Archivos de programa\Panda Security\WAC\pavlsp.dll
0x77bd0000 - 0x77bd8000 	C:\WINDOWS\system32\VERSION.dll
0x670b0000 - 0x670d4000 	C:\Archivos de programa\Panda Security\WAC\icl_cfg.dll
0x671f0000 - 0x67214000 	C:\Archivos de programa\Panda Security\WAC\PavTrc.dll
0x71a50000 - 0x71a5a000 	C:\WINDOWS\system32\WSOCK32.dll
0x719d0000 - 0x71a10000 	C:\WINDOWS\system32\mswsock.dll
0x672a0000 - 0x672f9000 	C:\WINDOWS\system32\hnetcfg.dll
0x71a10000 - 0x71a18000 	C:\WINDOWS\System32\wshtcpip.dll
0x6d460000 - 0x6d484000 	C:\Archivos de programa\Java\jdk1.6.0_07\jre\bin\jpeg.dll
0x770f0000 - 0x7717b000 	C:\WINDOWS\system32\OLEAUT32.DLL
0x68000000 - 0x68036000 	C:\WINDOWS\system32\rsaenh.dll
0x76630000 - 0x766e5000 	C:\WINDOWS\system32\USERENV.dll
0x67dd0000 - 0x67e25000 	C:\WINDOWS\system32\netapi32.dll
0x76ee0000 - 0x76f07000 	C:\WINDOWS\system32\DNSAPI.dll
0x76f70000 - 0x76f78000 	C:\WINDOWS\System32\winrnr.dll
0x76f20000 - 0x76f4d000 	C:\WINDOWS\system32\WLDAP32.dll
0x76f80000 - 0x76f86000 	C:\WINDOWS\system32\rasadhlp.dll
0x6d800000 - 0x6d808000 	C:\Archivos de programa\Java\jdk1.6.0_07\jre\bin\sunmscapi.dll
0x77a50000 - 0x77ae6000 	C:\WINDOWS\system32\CRYPT32.dll
0x77af0000 - 0x77b02000 	C:\WINDOWS\system32\MSASN1.dll

VM Arguments:
jvm_args: -Xms1500M -Xmx1500M 
java_command: UIPC.PCV
Launcher Type: SUN_STANDARD

Environment Variables:
PATH=C:\WINDOWS\system32;C:\WINDOWS;C:\WINDOWS\System32\Wbem;C:\Archivos de programa\Archivos comunes\Autodesk Shared\;C:\Archivos de programa\Panda Security\WaAgent\Common
USERNAME=Ruth Cordon
OS=Windows_NT
PROCESSOR_IDENTIFIER=x86 Family 6 Model 23 Stepping 10, GenuineIntel



---------------  S Y S T E M  ---------------

OS: Windows XP Build 2600 Service Pack 3

CPU:total 2 (2 cores per cpu, 1 threads per core) family 6 model 7 stepping 10, cmov, cx8, fxsr, mmx, sse, sse2, sse3, ssse3

Memory: 4k page, physical 2097151k(1369736k free), swap 4194303k(2012812k free)

vm_info: Java HotSpot(TM) Client VM (10.0-b23) for windows-x86 JRE (1.6.0_07-b06), built on Jun 10 2008 01:14:11 by "java_re" with MS VC++ 7.1

time: Thu Jul 29 15:10:43 2010
elapsed time: 2072 seconds

