#
# An unexpected error has been detected by Java Runtime Environment:
#
#  EXCEPTION_ACCESS_VIOLATION (0xc0000005) at pc=0x6d945458, pid=26420, tid=26472
#
# Java VM: Java HotSpot(TM) Client VM (10.0-b23 mixed mode windows-x86)
# Problematic frame:
# V  [jvm.dll+0xd5458]
#
# If you would like to submit a bug report, please visit:
#   http://java.sun.com/webapps/bugreport/crash.jsp
#

---------------  T H R E A D  ---------------

Current thread (0x47612400):  JavaThread "Java2D Disposer" daemon [_thread_in_vm, id=26472, stack(0x477d0000,0x47820000)]

siginfo: ExceptionCode=0xc0000005, reading address 0x00000000

Registers:
EAX=0x00000000, EBX=0x00000000, ECX=0x4781f8b4, EDX=0x4781f919
ESP=0x4781f860, EBP=0x475e0028, ESI=0x47612400, EDI=0x475dfea0
EIP=0x6d945458, EFLAGS=0x00010203

Top of Stack: (sp=0x4781f860)
0x4781f860:   0030fcf8 4781fa18 476124f4 47612400
0x4781f870:   00000000 00000003 411c0440 47577008
0x4781f880:   47577010 475773fc 475e0034 02b9b8d8
0x4781f890:   00000016 47612400 02b9b8d8 6d878396
0x4781f8a0:   00000001 02b9b8d8 00000016 00000016
0x4781f8b0:   00000000 475e0028 6da1ac72 475e0034
0x4781f8c0:   00000016 00000025 4781fa50 6d9ef75d
0x4781f8d0:   4781fa50 475e0024 4781f924 6d90b070 

Instructions: (pc=0x6d945458)
0x6d945448:   8c 24 c4 00 00 00 89 2c 81 ff 84 24 d0 00 00 00
0x6d945458:   8b 03 8b 50 08 0f b7 4a 26 8b 50 0c 8b 44 8a 1c 


Stack: [0x477d0000,0x47820000],  sp=0x4781f860,  free space=318k
Native frames: (J=compiled Java code, j=interpreted, Vv=VM code, C=native code)
V  [jvm.dll+0xd5458]

Java frames: (J=compiled Java code, j=interpreted, Vv=VM code)
v  ~BufferBlob::Interpreter
v  ~BufferBlob::Interpreter
v  ~BufferBlob::Interpreter
v  ~BufferBlob::Interpreter
v  ~BufferBlob::Interpreter
v  ~BufferBlob::StubRoutines (1)

---------------  P R O C E S S  ---------------

Java Threads: ( => current thread )
  0x4727b800 JavaThread "Thread-1" daemon [_thread_in_native, id=24996, stack(0x47f30000,0x47f80000)]
  0x476c6c00 JavaThread "TimerQueue" daemon [_thread_blocked, id=24504, stack(0x47dc0000,0x47e10000)]
  0x00305c00 JavaThread "DestroyJavaVM" [_thread_blocked, id=26424, stack(0x008c0000,0x00910000)]
  0x47684c00 JavaThread "Thread-2" [_thread_in_native, id=22752, stack(0x47a40000,0x47a90000)]
  0x4767ac00 JavaThread "AWT-EventQueue-0" [_thread_blocked, id=26484, stack(0x47980000,0x479d0000)]
  0x47617c00 JavaThread "AWT-Windows" daemon [_thread_blocked, id=26480, stack(0x47870000,0x478c0000)]
  0x47617000 JavaThread "AWT-Shutdown" [_thread_blocked, id=26476, stack(0x47820000,0x47870000)]
=>0x47612400 JavaThread "Java2D Disposer" daemon [_thread_in_vm, id=26472, stack(0x477d0000,0x47820000)]
  0x47270400 JavaThread "Low Memory Detector" daemon [_thread_blocked, id=26456, stack(0x474c0000,0x47510000)]
  0x4726ac00 JavaThread "CompilerThread0" daemon [_thread_blocked, id=26444, stack(0x47470000,0x474c0000)]
  0x47269800 JavaThread "Attach Listener" daemon [_thread_blocked, id=26448, stack(0x47420000,0x47470000)]
  0x47268c00 JavaThread "Signal Dispatcher" daemon [_thread_blocked, id=26440, stack(0x473d0000,0x47420000)]
  0x47259400 JavaThread "Finalizer" daemon [_thread_blocked, id=26436, stack(0x47380000,0x473d0000)]
  0x47254c00 JavaThread "Reference Handler" daemon [_thread_blocked, id=26432, stack(0x47330000,0x47380000)]

Other Threads:
  0x47251c00 VMThread [stack: 0x472e0000,0x47330000] [id=25540]
  0x4728bc00 WatcherThread [stack: 0x47510000,0x47560000] [id=26460]

VM state:synchronizing (normal execution)

VM Mutex/Monitor currently owned by a thread:  ([mutex/lock_event])
[0x00305348/0x00003714] Threads_lock - owner thread: 0x47251c00

Heap
 def new generation   total 70848K, used 12293K [0x029c0000, 0x076a0000, 0x076a0000)
  eden space 62976K,   7% used [0x029c0000, 0x02e11480, 0x06740000)
  from space 7872K, 100% used [0x06ef0000, 0x076a0000, 0x076a0000)
  to   space 7872K,   0% used [0x06740000, 0x06740000, 0x06ef0000)
 tenured generation   total 945280K, used 4378K [0x076a0000, 0x411c0000, 0x411c0000)
   the space 945280K,   0% used [0x076a0000, 0x07ae6878, 0x07ae6a00, 0x411c0000)
 compacting perm gen  total 13568K, used 13476K [0x411c0000, 0x41f00000, 0x451c0000)
   the space 13568K,  99% used [0x411c0000, 0x41ee9238, 0x41ee9400, 0x41f00000)
No shared spaces configured.

Dynamic libraries:
0x00400000 - 0x00423000 	C:\Archivos de programa\Java\jdk1.6.0_07\jre\bin\java.exe
0x7c910000 - 0x7c9c8000 	C:\WINDOWS\system32\ntdll.dll
0x7c800000 - 0x7c903000 	C:\WINDOWS\system32\kernel32.dll
0x77da0000 - 0x77e4c000 	C:\WINDOWS\system32\ADVAPI32.dll
0x77e50000 - 0x77ee3000 	C:\WINDOWS\system32\RPCRT4.dll
0x77fc0000 - 0x77fd1000 	C:\WINDOWS\system32\Secur32.dll
0x7c340000 - 0x7c396000 	C:\Archivos de programa\Java\jdk1.6.0_07\jre\bin\msvcr71.dll
0x6d870000 - 0x6dac0000 	C:\Archivos de programa\Java\jdk1.6.0_07\jre\bin\client\jvm.dll
0x7e390000 - 0x7e421000 	C:\WINDOWS\system32\USER32.dll
0x77ef0000 - 0x77f39000 	C:\WINDOWS\system32\GDI32.dll
0x76b00000 - 0x76b2e000 	C:\WINDOWS\system32\WINMM.dll
0x76340000 - 0x7635d000 	C:\WINDOWS\system32\IMM32.DLL
0x6d320000 - 0x6d328000 	C:\Archivos de programa\Java\jdk1.6.0_07\jre\bin\hpi.dll
0x76bb0000 - 0x76bbb000 	C:\WINDOWS\system32\PSAPI.DLL
0x6d820000 - 0x6d82c000 	C:\Archivos de programa\Java\jdk1.6.0_07\jre\bin\verify.dll
0x6d3c0000 - 0x6d3df000 	C:\Archivos de programa\Java\jdk1.6.0_07\jre\bin\java.dll
0x6d860000 - 0x6d86f000 	C:\Archivos de programa\Java\jdk1.6.0_07\jre\bin\zip.dll
0x6d0b0000 - 0x6d1de000 	C:\Archivos de programa\Java\jdk1.6.0_07\jre\bin\awt.dll
0x72f80000 - 0x72fa6000 	C:\WINDOWS\system32\WINSPOOL.DRV
0x77be0000 - 0x77c38000 	C:\WINDOWS\system32\msvcrt.dll
0x774b0000 - 0x775ee000 	C:\WINDOWS\system32\ole32.dll
0x5b150000 - 0x5b188000 	C:\WINDOWS\system32\uxtheme.dll
0x736e0000 - 0x7372b000 	C:\WINDOWS\system32\ddraw.dll
0x73b40000 - 0x73b46000 	C:\WINDOWS\system32\DCIMAN32.dll
0x6d2c0000 - 0x6d313000 	C:\Archivos de programa\Java\jdk1.6.0_07\jre\bin\fontmanager.dll
0x746b0000 - 0x746fc000 	C:\WINDOWS\system32\MSCTF.dll
0x77b10000 - 0x77b32000 	C:\WINDOWS\system32\apphelp.dll
0x75160000 - 0x7518e000 	C:\WINDOWS\system32\msctfime.ime
0x7e6a0000 - 0x7eec1000 	C:\WINDOWS\system32\shell32.dll
0x77f40000 - 0x77fb6000 	C:\WINDOWS\system32\SHLWAPI.dll
0x773a0000 - 0x774a3000 	C:\WINDOWS\WinSxS\x86_Microsoft.Windows.Common-Controls_6595b64144ccf1df_6.0.2600.6028_x-ww_61e65202\comctl32.dll
0x58c30000 - 0x58cca000 	C:\WINDOWS\system32\comctl32.dll
0x6d620000 - 0x6d633000 	C:\Archivos de programa\Java\jdk1.6.0_07\jre\bin\net.dll
0x71a30000 - 0x71a47000 	C:\WINDOWS\system32\WS2_32.dll
0x71a20000 - 0x71a28000 	C:\WINDOWS\system32\WS2HELP.dll
0x6d640000 - 0x6d649000 	C:\Archivos de programa\Java\jdk1.6.0_07\jre\bin\nio.dll
0x719d0000 - 0x71a10000 	C:\WINDOWS\system32\mswsock.dll
0x66740000 - 0x66799000 	C:\WINDOWS\system32\hnetcfg.dll
0x71a10000 - 0x71a18000 	C:\WINDOWS\System32\wshtcpip.dll
0x68000000 - 0x68036000 	C:\WINDOWS\system32\rsaenh.dll
0x76630000 - 0x766e5000 	C:\WINDOWS\system32\USERENV.dll
0x597f0000 - 0x59845000 	C:\WINDOWS\system32\netapi32.dll
0x76ee0000 - 0x76f07000 	C:\WINDOWS\system32\DNSAPI.dll
0x76d20000 - 0x76d39000 	C:\WINDOWS\system32\iphlpapi.dll
0x76f70000 - 0x76f78000 	C:\WINDOWS\System32\winrnr.dll
0x76f20000 - 0x76f4d000 	C:\WINDOWS\system32\WLDAP32.dll
0x76f80000 - 0x76f86000 	C:\WINDOWS\system32\rasadhlp.dll
0x6d800000 - 0x6d808000 	C:\Archivos de programa\Java\jdk1.6.0_07\jre\bin\sunmscapi.dll
0x77a50000 - 0x77ae6000 	C:\WINDOWS\system32\CRYPT32.dll
0x77af0000 - 0x77b02000 	C:\WINDOWS\system32\MSASN1.dll
0x6d230000 - 0x6d253000 	C:\Archivos de programa\Java\jdk1.6.0_07\jre\bin\dcpr.dll

VM Arguments:
jvm_args: -Xms1000M -Xmx1000M 
java_command: userinterfaces.GRA
Launcher Type: SUN_STANDARD

Environment Variables:
PATH=C:\WINDOWS\system32;C:\WINDOWS;C:\WINDOWS\System32\Wbem
USERNAME=Victor Fernandez
OS=Windows_NT
PROCESSOR_IDENTIFIER=x86 Family 6 Model 23 Stepping 10, GenuineIntel



---------------  S Y S T E M  ---------------

OS: Windows XP Build 2600 Service Pack 3

CPU:total 2 (2 cores per cpu, 1 threads per core) family 6 model 7 stepping 10, cmov, cx8, fxsr, mmx, sse, sse2, sse3, ssse3

Memory: 4k page, physical 2097151k(1644944k free), swap 4194303k(2763024k free)

vm_info: Java HotSpot(TM) Client VM (10.0-b23) for windows-x86 JRE (1.6.0_07-b06), built on Jun 10 2008 01:14:11 by "java_re" with MS VC++ 7.1

time: Tue Jul 30 13:41:48 2013
elapsed time: 18 seconds

