#
# An unexpected error has been detected by Java Runtime Environment:
#
#  EXCEPTION_ACCESS_VIOLATION (0xc0000005) at pc=0x6d8cbb87, pid=5360, tid=3544
#
# Java VM: Java HotSpot(TM) Client VM (10.0-b23 mixed mode windows-x86)
# Problematic frame:
# V  [jvm.dll+0x5bb87]
#
# If you would like to submit a bug report, please visit:
#   http://java.sun.com/webapps/bugreport/crash.jsp
#

---------------  T H R E A D  ---------------

Current thread (0x46e82000):  VMThread [stack: 0x46f10000,0x46f60000] [id=3544]

siginfo: ExceptionCode=0xc0000005, reading address 0x034b06c8

Registers:
EAX=0x0030bb90, EBX=0x0030bbcc, ECX=0x034b06bc, EDX=0x6da46fa0
ESP=0x46f5f7c0, EBP=0x0030bb40, ESI=0x439b0400, EDI=0x439b0400
EIP=0x6d8cbb87, EFLAGS=0x00010283

Top of Stack: (sp=0x46f5f7c0)
0x46f5f7c0:   439b0400 439b0400 6d9f0760 6d88cbbb
0x46f5f7d0:   439b0400 46f5f818 46f5f818 00000002
0x46f5f7e0:   0030a8a8 6d91ca91 439b04b2 0030b998
0x46f5f7f0:   6d91c861 0030bb90 6d8ec353 46f5f818
0x46f5f800:   00000000 0030a900 439b04b2 6d91c677
0x46f5f810:   46f5f818 00000000 6da4f718 439b04b2
0x46f5f820:   00000000 6d917413 439b04b2 439b04b2
0x46f5f830:   00000000 46f5f948 00000000 6d9b2073 

Instructions: (pc=0x6d8cbb87)
0x6d8cbb77:   cc cc cc cc cc cc cc cc cc 51 56 8b f1 8b 4e 04
0x6d8cbb87:   8b 51 0c 83 c1 08 8b c2 c1 f8 02 85 d2 89 54 24 


Stack: [0x46f10000,0x46f60000],  sp=0x46f5f7c0,  free space=317k
Native frames: (J=compiled Java code, j=interpreted, Vv=VM code, C=native code)
V  [jvm.dll+0x5bb87]

VM_Operation (0x4773b138): GenCollectForAllocation, mode: safepoint, requested by thread 0x47483800


---------------  P R O C E S S  ---------------

Java Threads: ( => current thread )
  0x474de000 JavaThread "TimerQueue" daemon [_thread_blocked, id=6076, stack(0x47a90000,0x47ae0000)]
  0x00306400 JavaThread "DestroyJavaVM" [_thread_blocked, id=3720, stack(0x008d0000,0x00920000)]
  0x47491400 JavaThread "Thread-2" [_thread_in_native, id=2756, stack(0x477f0000,0x47840000)]
  0x47483800 JavaThread "AWT-EventQueue-0" [_thread_blocked, id=5620, stack(0x476f0000,0x47740000)]
  0x473ef400 JavaThread "AWT-Windows" daemon [_thread_in_native, id=4140, stack(0x47630000,0x47680000)]
  0x473ee800 JavaThread "AWT-Shutdown" [_thread_blocked, id=5228, stack(0x475e0000,0x47630000)]
  0x473f5800 JavaThread "Java2D Disposer" daemon [_thread_blocked, id=556, stack(0x47590000,0x475e0000)]
  0x46ebe800 JavaThread "Low Memory Detector" daemon [_thread_blocked, id=280, stack(0x47290000,0x472e0000)]
  0x46eb4c00 JavaThread "CompilerThread0" daemon [_thread_blocked, id=5864, stack(0x47240000,0x47290000)]
  0x46ea8800 JavaThread "JDWP Command Reader" daemon [_thread_in_native, id=4388, stack(0x471f0000,0x47240000)]
  0x46ea7000 JavaThread "JDWP Event Helper Thread" daemon [_thread_blocked, id=4544, stack(0x471a0000,0x471f0000)]
  0x46ea5000 JavaThread "JDWP Transport Listener: dt_socket" daemon [_thread_blocked, id=2440, stack(0x47150000,0x471a0000)]
  0x46e9a000 JavaThread "Attach Listener" daemon [_thread_blocked, id=5092, stack(0x47050000,0x470a0000)]
  0x46e99000 JavaThread "Signal Dispatcher" daemon [_thread_blocked, id=484, stack(0x47000000,0x47050000)]
  0x46e89800 JavaThread "Finalizer" daemon [_thread_blocked, id=4192, stack(0x46fb0000,0x47000000)]
  0x46e85400 JavaThread "Reference Handler" daemon [_thread_blocked, id=5896, stack(0x46f60000,0x46fb0000)]

Other Threads:
=>0x46e82000 VMThread [stack: 0x46f10000,0x46f60000] [id=3544]
  0x46ed1c00 WatcherThread [stack: 0x472e0000,0x47330000] [id=4872]

VM state:at safepoint (normal execution)

VM Mutex/Monitor currently owned by a thread:  ([mutex/lock_event])
[0x00305940/0x0000370c] Threads_lock - owner thread: 0x46e82000
[0x00305ae0/0x000036cc] Heap_lock - owner thread: 0x47483800

Heap
 def new generation   total 960K, used 64K [0x029d0000, 0x02ad0000, 0x07890000)
  eden space 896K,   0% used [0x029d0000, 0x029d0000, 0x02ab0000)
  from space 64K, 100% used [0x02ab0000, 0x02ac0000, 0x02ac0000)
  to   space 64K,   0% used [0x02ac0000, 0x02ac0000, 0x02ad0000)
 tenured generation   total 10676K, used 10621K [0x07890000, 0x082fd000, 0x429d0000)
   the space 10676K,  99% used [0x07890000, 0x082ef698, 0x07e75800, 0x082fd000)
 compacting perm gen  total 17408K, used 17190K [0x429d0000, 0x43ad0000, 0x469d0000)
   the space 17408K,  98% used [0x429d0000, 0x43a99b80, 0x43a7a400, 0x43ad0000)
No shared spaces configured.

Dynamic libraries:
0x00400000 - 0x00423000 	C:\Archivos de programa\Java\jdk1.6.0_07\jre\bin\java.exe
0x7c910000 - 0x7c9c8000 	C:\WINDOWS\system32\ntdll.dll
0x7c800000 - 0x7c903000 	C:\WINDOWS\system32\kernel32.dll
0x77da0000 - 0x77e4c000 	C:\WINDOWS\system32\ADVAPI32.dll
0x77e50000 - 0x77ee3000 	C:\WINDOWS\system32\RPCRT4.dll
0x77fc0000 - 0x77fd1000 	C:\WINDOWS\system32\Secur32.dll
0x7c340000 - 0x7c396000 	C:\Archivos de programa\Java\jdk1.6.0_07\jre\bin\msvcr71.dll
0x6d870000 - 0x6dac0000 	C:\Archivos de programa\Java\jdk1.6.0_07\jre\bin\client\jvm.dll
0x7e390000 - 0x7e421000 	C:\WINDOWS\system32\USER32.dll
0x77ef0000 - 0x77f39000 	C:\WINDOWS\system32\GDI32.dll
0x76b00000 - 0x76b2e000 	C:\WINDOWS\system32\WINMM.dll
0x76340000 - 0x7635d000 	C:\WINDOWS\system32\IMM32.DLL
0x6d320000 - 0x6d328000 	C:\Archivos de programa\Java\jdk1.6.0_07\jre\bin\hpi.dll
0x76bb0000 - 0x76bbb000 	C:\WINDOWS\system32\PSAPI.DLL
0x6d410000 - 0x6d439000 	C:\Archivos de programa\Java\jdk1.6.0_07\jre\bin\jdwp.dll
0x6d770000 - 0x6d776000 	C:\Archivos de programa\Java\jdk1.6.0_07\jre\bin\npt.dll
0x6d820000 - 0x6d82c000 	C:\Archivos de programa\Java\jdk1.6.0_07\jre\bin\verify.dll
0x6d3c0000 - 0x6d3df000 	C:\Archivos de programa\Java\jdk1.6.0_07\jre\bin\java.dll
0x6d860000 - 0x6d86f000 	C:\Archivos de programa\Java\jdk1.6.0_07\jre\bin\zip.dll
0x6d290000 - 0x6d297000 	C:\Archivos de programa\Java\jdk1.6.0_07\jre\bin\dt_socket.dll
0x71a30000 - 0x71a47000 	C:\WINDOWS\system32\WS2_32.dll
0x77be0000 - 0x77c38000 	C:\WINDOWS\system32\msvcrt.dll
0x71a20000 - 0x71a28000 	C:\WINDOWS\system32\WS2HELP.dll
0x719d0000 - 0x71a10000 	C:\WINDOWS\System32\mswsock.dll
0x76ee0000 - 0x76f07000 	C:\WINDOWS\system32\DNSAPI.dll
0x76d20000 - 0x76d39000 	C:\WINDOWS\system32\iphlpapi.dll
0x76f70000 - 0x76f78000 	C:\WINDOWS\System32\winrnr.dll
0x76f20000 - 0x76f4d000 	C:\WINDOWS\system32\WLDAP32.dll
0x76f80000 - 0x76f86000 	C:\WINDOWS\system32\rasadhlp.dll
0x66740000 - 0x66799000 	C:\WINDOWS\system32\hnetcfg.dll
0x71a10000 - 0x71a18000 	C:\WINDOWS\System32\wshtcpip.dll
0x6d0b0000 - 0x6d1de000 	C:\Archivos de programa\Java\jdk1.6.0_07\jre\bin\awt.dll
0x72f80000 - 0x72fa6000 	C:\WINDOWS\system32\WINSPOOL.DRV
0x774b0000 - 0x775ee000 	C:\WINDOWS\system32\ole32.dll
0x5b150000 - 0x5b188000 	C:\WINDOWS\system32\uxtheme.dll
0x736e0000 - 0x7372b000 	C:\WINDOWS\system32\ddraw.dll
0x73b40000 - 0x73b46000 	C:\WINDOWS\system32\DCIMAN32.dll
0x6d2c0000 - 0x6d313000 	C:\Archivos de programa\Java\jdk1.6.0_07\jre\bin\fontmanager.dll
0x746b0000 - 0x746fc000 	C:\WINDOWS\system32\MSCTF.dll
0x75160000 - 0x7518e000 	C:\WINDOWS\system32\msctfime.ime
0x7e6a0000 - 0x7eec1000 	C:\WINDOWS\system32\shell32.dll
0x77f40000 - 0x77fb6000 	C:\WINDOWS\system32\SHLWAPI.dll
0x773a0000 - 0x774a3000 	C:\WINDOWS\WinSxS\x86_Microsoft.Windows.Common-Controls_6595b64144ccf1df_6.0.2600.6028_x-ww_61e65202\comctl32.dll
0x58c30000 - 0x58cca000 	C:\WINDOWS\system32\comctl32.dll
0x6d620000 - 0x6d633000 	C:\Archivos de programa\Java\jdk1.6.0_07\jre\bin\net.dll
0x6d640000 - 0x6d649000 	C:\Archivos de programa\Java\jdk1.6.0_07\jre\bin\nio.dll
0x770f0000 - 0x7717b000 	C:\WINDOWS\system32\OLEAUT32.DLL
0x68000000 - 0x68036000 	C:\WINDOWS\system32\rsaenh.dll
0x76630000 - 0x766e5000 	C:\WINDOWS\system32\USERENV.dll
0x597f0000 - 0x59845000 	C:\WINDOWS\system32\netapi32.dll
0x6d800000 - 0x6d808000 	C:\Archivos de programa\Java\jdk1.6.0_07\jre\bin\sunmscapi.dll
0x77a50000 - 0x77ae8000 	C:\WINDOWS\system32\CRYPT32.dll
0x77af0000 - 0x77b02000 	C:\WINDOWS\system32\MSASN1.dll
0x6d230000 - 0x6d253000 	C:\Archivos de programa\Java\jdk1.6.0_07\jre\bin\dcpr.dll

VM Arguments:
jvm_args: -Xdebug -Xrunjdwp:transport=dt_socket,address=localhost:3166 -Xmx1024m 
java_command: userinterfaces.GRA
Launcher Type: SUN_STANDARD

Environment Variables:
PATH=C:\WINDOWS\system32;C:\WINDOWS;C:\WINDOWS\System32\Wbem;C:\WINDOWS\system32\WindowsPowerShell\v1.0;C:\Archivos de programa\Archivos comunes\HP\Digital Imaging\\bin;c:\Archivos de programa\Microsoft SQL Server\90\Tools\binn\;C:\Archivos de programa\Archivos comunes\Acronis\SnapAPI\;C:\Sun\jwsdp-2.0\jwsdp-shared\bin
USERNAME=Victor Fernandez
OS=Windows_NT
PROCESSOR_IDENTIFIER=x86 Family 15 Model 4 Stepping 3, GenuineIntel



---------------  S Y S T E M  ---------------

OS: Windows XP Build 2600 Service Pack 3

CPU:total 2 (1 cores per cpu, 2 threads per core) family 15 model 4 stepping 3, cmov, cx8, fxsr, mmx, sse, sse2, sse3, ht

Memory: 4k page, physical 2097151k(1721640k free), swap 4194303k(3627456k free)

vm_info: Java HotSpot(TM) Client VM (10.0-b23) for windows-x86 JRE (1.6.0_07-b06), built on Jun 10 2008 01:14:11 by "java_re" with MS VC++ 7.1

time: Thu Nov 21 17:34:19 2013
elapsed time: 294 seconds

